<?xml version="1.0" encoding="UTF-8"?>
<!-- Generated by org.testng.reporters.JUnitReportReporter -->
<testsuite skipped="0" hostname="EPBYMINW2498" name="mobile.test.automation.scenarios.MemoTest" tests="1" failures="0" timestamp="16 Oct 2017 09:34:18 GMT" time="18.622" errors="0">
  <testcase name="addAndCheckMemo" time="18.622" classname="mobile.test.automation.scenarios.MemoTest"/>
</testsuite> <!-- mobile.test.automation.scenarios.MemoTest -->
